Arguments: 
  /usr/bin/node /usr/bin/yarn add express bcrypt sequelize body-parser email-validator jsonwebtoken mysql2 dotenv

PATH: 
  /home/patrick/Downloads/google-cloud-sdk-251.0.0-linux-x86_64/google-cloud-sdk/bin:/home/patrick/umpsxt/bin:/usr/local/sbin:/usr/local/bin:/usr/sbin:/usr/bin:/sbin:/bin:/usr/games:/usr/local/games:/snap/bin

Yarn version: 
  1.3.2

Node version: 
  11.13.0

Platform: 
  linux x64

npm manifest: 
  

yarn manifest: 
  No manifest

Lockfile: 
  No lockfile

Trace: 
  SyntaxError: /home/patrick/eci-fb/package.json: Unexpected end of JSON input
      at JSON.parse (<anonymous>)
      at /usr/lib/node_modules/yarn/lib/cli.js:770:59
      at Generator.next (<anonymous>)
      at step (/usr/lib/node_modules/yarn/lib/cli.js:92:30)
      at /usr/lib/node_modules/yarn/lib/cli.js:103:13
